<?xml version="1.0" encoding="UTF-8"?>
<testsuite xmlns:xsi="http://www.w3.org/2001/XMLSchema-instance" xsi:noNamespaceSchemaLocation="https://maven.apache.org/surefire/maven-surefire-plugin/xsd/surefire-test-report-3.0.xsd" version="3.0" name="com.example.customermanagementservice.controller.CustomerControllerTest" time="1.377" tests="2" errors="0" skipped="0" failures="0">
  <properties>
[...]
</properties>
  <testcase name="testCreateCustomer_InvalidEmail_ShouldReturnBadRequest" classname="com.example.customermanagementservice.controller.CustomerControllerTest" time="0.403">
    <system-out><![CDATA[2025-04-16T00:46:35.329-05:00  INFO 4456 --- [CustomerManagementService] [           main] t.c.s.AnnotationConfigContextLoaderUtils : Could not detect default configuration classes for test class [com.example.customermanagementservice.controller.CustomerControllerTest]: CustomerControllerTest does not declare any static, non-private, non-final, nested classes annotated with @Configuration.
2025-04-16T00:46:35.368-05:00  INFO 4456 --- [CustomerManagementService] [           main] .b.t.c.SpringBootTestContextBootstrapper : Found @SpringBootConfiguration com.example.customermanagementservice.CustomerManagementServiceApplication for test class com.example.customermanagementservice.controller.CustomerControllerTest
2025-04-16T00:46:35.373-05:00  INFO 4456 --- [CustomerManagementService] [           main] o.s.b.d.r.RestartApplicationListener     : Restart disabled due to context in which it is running

  .   ____          _            __ _ _
 /\\ / ___'_ __ _ _(_)_ __  __ _ \ \ \ \
( ( )\___ | '_ | '_| | '_ \/ _` | \ \ \ \
 \\/  ___)| |_)| | | | | || (_| |  ) ) ) )
  '  |____| .__|_| |_|_| |_\__, | / / / /
 =========|_|==============|___/=/_/_/_/

 :: Spring Boot ::                (v3.4.4)

2025-04-16T00:46:35.401-05:00  INFO 4456 --- [CustomerManagementService] [           main] c.e.c.controller.CustomerControllerTest  : Starting CustomerControllerTest using Java 17.0.9 with PID 4456 (started by meeranmohammed in /Users/meeranmohammed/Downloads/customer-management-service)
2025-04-16T00:46:35.401-05:00  INFO 4456 --- [CustomerManagementService] [           main] c.e.c.controller.CustomerControllerTest  : No active profile set, falling back to 1 default profile: "default"
2025-04-16T00:46:36.226-05:00  INFO 4456 --- [CustomerManagementService] [           main] o.s.b.t.m.w.SpringBootMockServletContext : Initializing Spring TestDispatcherServlet ''
2025-04-16T00:46:36.227-05:00  INFO 4456 --- [CustomerManagementService] [           main] o.s.t.web.servlet.TestDispatcherServlet  : Initializing Servlet ''
2025-04-16T00:46:36.231-05:00  INFO 4456 --- [CustomerManagementService] [           main] o.s.t.web.servlet.TestDispatcherServlet  : Completed initialization in 1 ms
2025-04-16T00:46:36.256-05:00  INFO 4456 --- [CustomerManagementService] [           main] c.e.c.controller.CustomerControllerTest  : Started CustomerControllerTest in 0.883 seconds (process running for 8.897)
2025-04-16T00:46:36.643-05:00  WARN 4456 --- [CustomerManagementService] [           main] .w.s.m.s.DefaultHandlerExceptionResolver : Resolved [org.springframework.web.bind.MethodArgumentNotValidException: Validation failed for argument [0] in public org.springframework.http.ResponseEntity<com.example.customermanagementservice.dto.CustomerDTO> com.example.customermanagementservice.controller.CustomerController.createCustomer(com.example.customermanagementservice.dto.CustomerDTO): [Field error in object 'customerDTO' on field 'email': rejected value [invalid-email]; codes [Email.customerDTO.email,Email.email,Email.java.lang.String,Email]; arguments [org.springframework.context.support.DefaultMessageSourceResolvable: codes [customerDTO.email,email]; arguments []; default message [email],[Ljakarta.validation.constraints.Pattern$Flag;@323bd261,.*]; default message [Email should be valid]] ]
]]></system-out>
  </testcase>
  <testcase name="testCreateCustomer_BlankFirstName_ShouldReturnBadRequest" classname="com.example.customermanagementservice.controller.CustomerControllerTest" time="0.03">
    <system-out><![CDATA[2025-04-16T00:46:36.692-05:00  WARN 4456 --- [CustomerManagementService] [           main] .w.s.m.s.DefaultHandlerExceptionResolver : Resolved [org.springframework.web.bind.MethodArgumentNotValidException: Validation failed for argument [0] in public org.springframework.http.ResponseEntity<com.example.customermanagementservice.dto.CustomerDTO> com.example.customermanagementservice.controller.CustomerController.createCustomer(com.example.customermanagementservice.dto.CustomerDTO) with 2 errors: [Field error in object 'customerDTO' on field 'firstName': rejected value []; codes [Size.customerDTO.firstName,Size.firstName,Size.java.lang.String,Size]; arguments [org.springframework.context.support.DefaultMessageSourceResolvable: codes [customerDTO.firstName,firstName]; arguments []; default message [firstName],50,2]; default message [First name must be between 2 and 50 characters]] [Field error in object 'customerDTO' on field 'firstName': rejected value []; codes [NotBlank.customerDTO.firstName,NotBlank.firstName,NotBlank.java.lang.String,NotBlank]; arguments [org.springframework.context.support.DefaultMessageSourceResolvable: codes [customerDTO.firstName,firstName]; arguments []; default message [firstName]]; default message [First name is required]] ]
]]></system-out>
  </testcase>
</testsuite>