<?xml version="1.0" encoding="UTF-8"?>
<testsuite xmlns:xsi="http://www.w3.org/2001/XMLSchema-instance" xsi:noNamespaceSchemaLocation="https://maven.apache.org/surefire/maven-surefire-plugin/xsd/surefire-test-report-3.0.xsd" version="3.0" name="com.example.customermanagementservice.CustomerManagementServiceApplicationTests" time="7.03" tests="1" errors="0" skipped="0" failures="0">
  <properties>
[...]
</properties>
  <testcase name="contextLoads" classname="com.example.customermanagementservice.CustomerManagementServiceApplicationTests" time="0.494">
    <system-out><![CDATA[00:46:28.525 [main] INFO org.springframework.test.context.support.AnnotationConfigContextLoaderUtils -- Could not detect default configuration classes for test class [com.example.customermanagementservice.CustomerManagementServiceApplicationTests]: CustomerManagementServiceApplicationTests does not declare any static, non-private, non-final, nested classes annotated with @Configuration.
00:46:28.687 [main] INFO org.springframework.boot.test.context.SpringBootTestContextBootstrapper -- Found @SpringBootConfiguration com.example.customermanagementservice.CustomerManagementServiceApplication for test class com.example.customermanagementservice.CustomerManagementServiceApplicationTests
00:46:28.939 [main] INFO org.springframework.boot.devtools.restart.RestartApplicationListener -- Restart disabled due to context in which it is running

  .   ____          _            __ _ _
 /\\ / ___'_ __ _ _(_)_ __  __ _ \ \ \ \
( ( )\___ | '_ | '_| | '_ \/ _` | \ \ \ \
 \\/  ___)| |_)| | | | | || (_| |  ) ) ) )
  '  |____| .__|_| |_|_| |_\__, | / / / /
 =========|_|==============|___/=/_/_/_/

 :: Spring Boot ::                (v3.4.4)

2025-04-16T00:46:29.407-05:00  INFO 4456 --- [CustomerManagementService] [           main] ustomerManagementServiceApplicationTests : Starting CustomerManagementServiceApplicationTests using Java 17.0.9 with PID 4456 (started by meeranmohammed in /Users/meeranmohammed/Downloads/customer-management-service)
2025-04-16T00:46:29.409-05:00  INFO 4456 --- [CustomerManagementService] [           main] ustomerManagementServiceApplicationTests : No active profile set, falling back to 1 default profile: "default"
2025-04-16T00:46:30.581-05:00  INFO 4456 --- [CustomerManagementService] [           main] .s.d.r.c.RepositoryConfigurationDelegate : Bootstrapping Spring Data JPA repositories in DEFAULT mode.
2025-04-16T00:46:30.682-05:00  INFO 4456 --- [CustomerManagementService] [           main] .s.d.r.c.RepositoryConfigurationDelegate : Finished Spring Data repository scanning in 85 ms. Found 1 JPA repository interface.
2025-04-16T00:46:31.222-05:00  INFO 4456 --- [CustomerManagementService] [           main] com.zaxxer.hikari.HikariDataSource       : HikariPool-1 - Starting...
2025-04-16T00:46:31.741-05:00  INFO 4456 --- [CustomerManagementService] [           main] com.zaxxer.hikari.pool.HikariPool        : HikariPool-1 - Added connection conn0: url=jdbc:h2:mem:3f6e08a4-cf6c-4bed-94f3-527c6a3298df user=SA
2025-04-16T00:46:31.745-05:00  INFO 4456 --- [CustomerManagementService] [           main] com.zaxxer.hikari.HikariDataSource       : HikariPool-1 - Start completed.
2025-04-16T00:46:31.839-05:00  INFO 4456 --- [CustomerManagementService] [           main] o.hibernate.jpa.internal.util.LogHelper  : HHH000204: Processing PersistenceUnitInfo [name: default]
2025-04-16T00:46:31.925-05:00  INFO 4456 --- [CustomerManagementService] [           main] org.hibernate.Version                    : HHH000412: Hibernate ORM core version 6.6.11.Final
2025-04-16T00:46:31.978-05:00  INFO 4456 --- [CustomerManagementService] [           main] o.h.c.internal.RegionFactoryInitiator    : HHH000026: Second-level cache disabled
2025-04-16T00:46:32.385-05:00  INFO 4456 --- [CustomerManagementService] [           main] o.s.o.j.p.SpringPersistenceUnitInfo      : No LoadTimeWeaver setup: ignoring JPA class transformer
2025-04-16T00:46:32.511-05:00  INFO 4456 --- [CustomerManagementService] [           main] org.hibernate.orm.connections.pooling    : HHH10001005: Database info:
	Database JDBC URL [Connecting through datasource 'HikariDataSource (HikariPool-1)']
	Database driver: undefined/unknown
	Database version: 2.3.232
	Autocommit mode: undefined/unknown
	Isolation level: undefined/unknown
	Minimum pool size: undefined/unknown
	Maximum pool size: undefined/unknown
2025-04-16T00:46:33.765-05:00  INFO 4456 --- [CustomerManagementService] [           main] o.h.e.t.j.p.i.JtaPlatformInitiator       : HHH000489: No JTA platform available (set 'hibernate.transaction.jta.platform' to enable JTA platform integration)
2025-04-16T00:46:33.806-05:00  INFO 4456 --- [CustomerManagementService] [           main] j.LocalContainerEntityManagerFactoryBean : Initialized JPA EntityManagerFactory for persistence unit 'default'
2025-04-16T00:46:34.236-05:00  WARN 4456 --- [CustomerManagementService] [           main] JpaBaseConfiguration$JpaWebConfiguration : spring.jpa.open-in-view is enabled by default. Therefore, database queries may be performed during view rendering. Explicitly configure spring.jpa.open-in-view to disable this warning
2025-04-16T00:46:34.792-05:00  INFO 4456 --- [CustomerManagementService] [           main] ustomerManagementServiceApplicationTests : Started CustomerManagementServiceApplicationTests in 5.871 seconds (process running for 7.433)
]]></system-out>
  </testcase>
</testsuite>